2018-09-06 11:28:22,612 ERROR: Exception on /favicon.ico [GET] [in /home/yoj/devman/microblog/.venv/lib/python3.6/site-packages/flask/app.py:1761]
Traceback (most recent call last):
  File "/home/yoj/devman/microblog/.venv/lib/python3.6/site-packages/flask/app.py", line 2292, in wsgi_app
    response = self.full_dispatch_request()
  File "/home/yoj/devman/microblog/.venv/lib/python3.6/site-packages/flask/app.py", line 1815, in full_dispatch_request
    rv = self.handle_user_exception(e)
  File "/home/yoj/devman/microblog/.venv/lib/python3.6/site-packages/flask/app.py", line 1718, in handle_user_exception
    reraise(exc_type, exc_value, tb)
  File "/home/yoj/devman/microblog/.venv/lib/python3.6/site-packages/flask/_compat.py", line 35, in reraise
    raise value
  File "/home/yoj/devman/microblog/.venv/lib/python3.6/site-packages/flask/app.py", line 1811, in full_dispatch_request
    rv = self.preprocess_request()
  File "/home/yoj/devman/microblog/.venv/lib/python3.6/site-packages/flask/app.py", line 2087, in preprocess_request
    rv = func()
  File "/home/yoj/devman/microblog/app/main/routes.py", line 195, in before_request
    db.session.commit()
  File "/home/yoj/devman/microblog/.venv/lib/python3.6/site-packages/sqlalchemy/orm/scoping.py", line 153, in do
    return getattr(self.registry(), name)(*args, **kwargs)
  File "/home/yoj/devman/microblog/.venv/lib/python3.6/site-packages/sqlalchemy/orm/session.py", line 943, in commit
    self.transaction.commit()
  File "/home/yoj/devman/microblog/.venv/lib/python3.6/site-packages/sqlalchemy/orm/session.py", line 474, in commit
    self.session.dispatch.after_commit(self.session)
  File "/home/yoj/devman/microblog/.venv/lib/python3.6/site-packages/sqlalchemy/event/attr.py", line 246, in __call__
    fn(*args, **kw)
  File "/home/yoj/devman/microblog/app/models.py", line 39, in after_commit
    for obj in session._changes['add']:
TypeError: 'NoneType' object is not subscriptable
2018-09-06 11:31:29,203 INFO: Microblog startup [in /home/yoj/devman/microblog/app/__init__.py:85]
2018-09-06 11:32:57,299 INFO: Microblog startup [in /home/yoj/devman/microblog/app/__init__.py:85]
2018-09-06 11:40:04,720 INFO: Microblog startup [in /home/yoj/devman/microblog/app/__init__.py:85]
2018-09-06 11:41:25,693 INFO: Microblog startup [in /home/yoj/devman/microblog/app/__init__.py:85]
2018-09-06 11:42:51,896 INFO: Microblog startup [in /home/yoj/devman/microblog/app/__init__.py:85]
